Application/GreenTipsAlpha1/app/build/intermediates/manifest_merge_blame_file/debug/manifest-merger-blame-debug-report.txt
1<?xml version="1.0" encoding="utf-8"?>
2<manifest xmlns:android="http://schemas.android.com/apk/res/android"
3    package="com.example.greentipsalpha1"
4    android:versionCode="5"
5    android:versionName="5.5" >
6
7    <uses-sdk
8        android:minSdkVersion="26"
8-->src/main/AndroidManifest.xml
9        android:targetSdkVersion="30" />
9-->src/main/AndroidManifest.xml
10
11    <application
11-->src/main/AndroidManifest.xml:5:5-40:19
12        android:allowBackup="true"
12-->src/main/AndroidManifest.xml:6:9-35
13        android:appComponentFactory="androidx.core.app.CoreComponentFactory"
13-->[androidx.core:core:1.3.1] AndroidManifest.xml:24:18-86
14        android:debuggable="true"
15        android:extractNativeLibs="false"
16        android:icon="@mipmap/ic_launcher"
16-->src/main/AndroidManifest.xml:7:9-43
17        android:label="@string/app_name"
17-->src/main/AndroidManifest.xml:8:9-41
18        android:roundIcon="@mipmap/ic_launcher_round"
18-->src/main/AndroidManifest.xml:9:9-54
19        android:supportsRtl="true"
19-->src/main/AndroidManifest.xml:10:9-35
20        android:testOnly="true"
21        android:theme="@style/AppTheme" >
21-->src/main/AndroidManifest.xml:11:9-40
22        <activity android:name="com.example.greentipsalpha1.links_page" />
22-->src/main/AndroidManifest.xml:12:9-57
22-->src/main/AndroidManifest.xml:12:19-45
23        <activity android:name="com.example.greentipsalpha1.ContactForm" />
23-->src/main/AndroidManifest.xml:13:9-49
23-->src/main/AndroidManifest.xml:13:19-46
24        <activity android:name="com.example.greentipsalpha1.slidecreatortransport" />
24-->src/main/AndroidManifest.xml:14:9-59
24-->src/main/AndroidManifest.xml:14:19-56
25        <activity android:name="com.example.greentipsalpha1.slidecreatoroutdoors" />
25-->src/main/AndroidManifest.xml:15:9-58
25-->src/main/AndroidManifest.xml:15:19-55
26        <activity android:name="com.example.greentipsalpha1.slidecreatorsocial" />
26-->src/main/AndroidManifest.xml:16:9-56
26-->src/main/AndroidManifest.xml:16:19-53
27        <activity android:name="com.example.greentipsalpha1.slidecreatorworklife" />
27-->src/main/AndroidManifest.xml:17:9-58
27-->src/main/AndroidManifest.xml:17:19-55
28        <activity android:name="com.example.greentipsalpha1.slidecreatorhousehold" />
28-->src/main/AndroidManifest.xml:18:9-59
28-->src/main/AndroidManifest.xml:18:19-56
29        <activity android:name="com.example.greentipsalpha1.socialTips" />
29-->src/main/AndroidManifest.xml:19:9-48
29-->src/main/AndroidManifest.xml:19:19-45
30        <activity android:name="com.example.greentipsalpha1.outdoorsTips" />
30-->src/main/AndroidManifest.xml:20:9-50
30-->src/main/AndroidManifest.xml:20:19-47
31        <activity android:name="com.example.greentipsalpha1.worklifeTips" />
31-->src/main/AndroidManifest.xml:21:9-50
31-->src/main/AndroidManifest.xml:21:19-47
32        <activity android:name="com.example.greentipsalpha1.householdTips" />
32-->src/main/AndroidManifest.xml:22:9-51
32-->src/main/AndroidManifest.xml:22:19-48
33        <activity
33-->src/main/AndroidManifest.xml:23:9-25:55
34            android:name="com.example.greentipsalpha1.schedule"
34-->src/main/AndroidManifest.xml:24:13-37
35            android:windowSoftInputMode="adjustPan" />
35-->src/main/AndroidManifest.xml:25:13-52
36        <activity android:name="com.example.greentipsalpha1.splashscreen" >
36-->src/main/AndroidManifest.xml:26:9-32:20
36-->src/main/AndroidManifest.xml:26:19-47
37            <intent-filter>
37-->src/main/AndroidManifest.xml:27:13-31:29
38                <action android:name="android.intent.action.MAIN" />
38-->src/main/AndroidManifest.xml:28:17-69
38-->src/main/AndroidManifest.xml:28:25-66
39
40                <category android:name="android.intent.category.LAUNCHER" />
40-->src/main/AndroidManifest.xml:30:17-77
40-->src/main/AndroidManifest.xml:30:27-74
41            </intent-filter>
42        </activity>
43        <activity
43-->src/main/AndroidManifest.xml:33:9-35:59
44            android:name="com.example.greentipsalpha1.transportTips"
44-->src/main/AndroidManifest.xml:34:13-42
45            android:windowSoftInputMode="adjustNothing" />
45-->src/main/AndroidManifest.xml:35:13-56
46        <activity android:name="com.example.greentipsalpha1.choose_category" />
46-->src/main/AndroidManifest.xml:36:9-53
46-->src/main/AndroidManifest.xml:36:19-50
47        <activity android:name="com.example.greentipsalpha1.about" />
47-->src/main/AndroidManifest.xml:37:9-43
47-->src/main/AndroidManifest.xml:37:19-40
48        <activity android:name="com.example.greentipsalpha1.choose_lang" />
48-->src/main/AndroidManifest.xml:38:9-49
48-->src/main/AndroidManifest.xml:38:19-46
49        <activity android:name="com.example.greentipsalpha1.welcome" />
49-->src/main/AndroidManifest.xml:39:9-45
49-->src/main/AndroidManifest.xml:39:19-42
50    </application>
51
52</manifest>